2025-09-11 17:22:34,594 INFO RPC interface 'supervisor' initialized
2025-09-11 17:22:34,594 CRIT Server 'unix_http_server' running without any HTTP authentication checking
2025-09-11 17:22:34,597 INFO daemonizing the supervisord process
2025-09-11 17:22:34,597 INFO supervisord started with pid 731825
2025-09-11 17:22:35,602 INFO spawned: 'strivetrack-dev' with pid 731827
2025-09-11 17:22:35,726 WARN exited: strivetrack-dev (exit status 1; not expected)
2025-09-11 17:22:36,730 INFO spawned: 'strivetrack-dev' with pid 731829
2025-09-11 17:22:36,837 WARN exited: strivetrack-dev (exit status 1; not expected)
2025-09-11 17:22:39,171 INFO spawned: 'strivetrack-dev' with pid 731834
2025-09-11 17:22:39,288 WARN exited: strivetrack-dev (exit status 1; not expected)
2025-09-11 17:22:42,293 INFO spawned: 'strivetrack-dev' with pid 731840
2025-09-11 17:22:43,428 INFO success: strivetrack-dev entered RUNNING state, process has stayed up for > than 1 seconds (startsecs)
2025-09-11 17:22:43,428 WARN exited: strivetrack-dev (exit status 1; not expected)
2025-09-11 17:22:44,432 INFO spawned: 'strivetrack-dev' with pid 731844
2025-09-11 17:22:44,562 WARN exited: strivetrack-dev (exit status 1; not expected)
2025-09-11 17:22:45,565 INFO spawned: 'strivetrack-dev' with pid 731848
2025-09-11 17:22:45,671 WARN exited: strivetrack-dev (exit status 1; not expected)
2025-09-11 17:22:47,676 INFO spawned: 'strivetrack-dev' with pid 731883
2025-09-11 17:22:48,744 INFO success: strivetrack-dev entered RUNNING state, process has stayed up for > than 1 seconds (startsecs)
2025-09-11 17:22:48,745 WARN exited: strivetrack-dev (exit status 1; not expected)
2025-09-11 17:22:48,747 INFO spawned: 'strivetrack-dev' with pid 731888
2025-09-11 17:22:48,751 INFO waiting for strivetrack-dev to stop
2025-09-11 17:22:48,752 WARN stopped: strivetrack-dev (terminated by SIGTERM)
2025-09-11 17:22:48,934 INFO spawned: 'strivetrack-dev' with pid 731889
2025-09-11 17:22:49,061 WARN exited: strivetrack-dev (exit status 1; not expected)
2025-09-11 17:22:50,065 INFO spawned: 'strivetrack-dev' with pid 731891
2025-09-11 17:22:50,170 WARN exited: strivetrack-dev (exit status 1; not expected)
2025-09-11 17:22:52,177 INFO spawned: 'strivetrack-dev' with pid 731894
2025-09-11 17:22:53,361 INFO success: strivetrack-dev entered RUNNING state, process has stayed up for > than 1 seconds (startsecs)
2025-09-11 17:22:53,361 WARN exited: strivetrack-dev (exit status 1; not expected)
2025-09-11 17:22:54,365 INFO spawned: 'strivetrack-dev' with pid 731900
2025-09-11 17:22:54,516 WARN exited: strivetrack-dev (exit status 1; not expected)
2025-09-11 17:22:54,703 INFO spawned: 'strivetrack-dev' with pid 731903
2025-09-11 17:22:55,890 INFO success: strivetrack-dev entered RUNNING state, process has stayed up for > than 1 seconds (startsecs)
2025-09-11 18:14:18,293 INFO waiting for strivetrack-dev to stop
2025-09-11 18:14:18,295 WARN stopped: strivetrack-dev (terminated by SIGTERM)
2025-09-11 18:14:26,335 INFO spawned: 'strivetrack-dev' with pid 734088
2025-09-11 18:14:27,338 INFO success: strivetrack-dev entered RUNNING state, process has stayed up for > than 1 seconds (startsecs)
